<?xml version="1.0" encoding="UTF-8"?>
<!-- Generated by org.testng.reporters.JUnitXMLReporter -->
<testsuite ignored="0" hostname="MAA125CD0141R61" failures="0" tests="3" name="testcases" time="0.519" errors="0" timestamp="2022-03-23T19:16:19 IST">
  <testcase classname="projecttestcases.Base" name="@BeforeSuite desiredbrowsersetup" time="3.096">
    <failure type="java.lang.NullPointerException" message="Cannot invoke &amp;quot;org.openqa.selenium.WebDriver.get(String)&amp;quot; because &amp;quot;projecttestcases.Base.driver&amp;quot; is null">
      <![CDATA[java.lang.NullPointerException: Cannot invoke "org.openqa.selenium.WebDriver.get(String)" because "projecttestcases.Base.driver" is null
at projecttestcases.Base.desiredbrowsersetup(Base.java:59)
... Removed 19 stack frames]]>
    </failure>
  </testcase> <!-- @BeforeSuite desiredbrowsersetup -->
  <testcase classname="projecttestcases.LoginTC1" name="login" time="0.0">
    <skipped/>
  </testcase> <!-- login -->
  <testcase classname="projecttestcases.LoginTC1" name="myinfo" time="0.0">
    <skipped/>
  </testcase> <!-- myinfo -->
  <testcase classname="projecttestcases.LoginTC1" name="getpagetitle" time="0.001">
    <skipped/>
  </testcase> <!-- getpagetitle -->
</testsuite> <!-- testcases -->
