<?xml version="1.0" encoding="UTF-8"?>
<!-- Generated by org.testng.reporters.JUnitXMLReporter -->
<testsuite ignored="0" hostname="MAA125CD0141R61" failures="0" tests="3" name="test" time="6.342" errors="0" timestamp="2022-07-24T11:24:03 IST">
  <testcase classname="projecttestcases.LoginTC1" name="login" time="4.272"/>
  <testcase classname="projecttestcases.LoginTC1" name="myinfo" time="1.604"/>
  <testcase classname="projecttestcases.LoginTC1" name="getpagetitle" time="0.139"/>
</testsuite> <!-- test -->
