<?xml version="1.0" encoding="UTF-8"?>
<!-- Generated by org.testng.reporters.JUnitXMLReporter -->
<testsuite ignored="2" hostname="MAA125CD0141R61" failures="1" tests="4" name="Test" time="7.821" errors="0" timestamp="2022-02-01T19:03:07 IST">
  <testcase classname="projecttestcases.LoginTC1" name="login" time="4.779"/>
  <testcase classname="projecttestcases.LoginTC1" name="myinfo" time="1.994"/>
  <testcase classname="projecttestcases.LoginTC1" name="getpagetitle" time="0.017">
    <failure type="java.lang.AssertionError" message="expected [blue] but found [OrangeHRM]">
      <![CDATA[java.lang.AssertionError: expected [blue] but found [OrangeHRM]
at projecttestcases.LoginTC1.getpagetitle(LoginTC1.java:33)
at java.base/java.util.ArrayList.forEach(ArrayList.java:1511)
... Removed 33 stack frames]]>
    </failure>
  </testcase> <!-- getpagetitle -->
  <testcase classname="projecttestcases.MyfopageTC3" name="myfodetail" time="0.489"/>
  <testcase classname="projecttestcases.Base" name="@AfterSuite teardown" time="0.0">
    <ignored/>
  </testcase> <!-- @AfterSuite teardown -->
  <testcase classname="projecttestcases.Base" name="@BeforeSuite desiredbrowsersetup" time="0.0">
    <ignored/>
  </testcase> <!-- @BeforeSuite desiredbrowsersetup -->
</testsuite> <!-- Test -->
