<?xml version="1.0" encoding="UTF-8"?>
<!-- Generated by org.testng.reporters.JUnitXMLReporter -->
<testsuite ignored="0" hostname="MAA125CD0141R61" failures="0" tests="3" name="Test" time="6.143" errors="0" timestamp="2022-07-24T11:33:46 IST">
  <testcase classname="projecttestcases.LoginTC1" name="login" time="4.361"/>
  <testcase classname="projecttestcases.LoginTC1" name="myinfo" time="1.606"/>
  <testcase classname="projecttestcases.LoginTC1" name="getpagetitle" time="0.145"/>
</testsuite> <!-- Test -->
