<?xml version="1.0" encoding="UTF-8"?>
<!-- Generated by org.testng.reporters.JUnitXMLReporter -->
<testsuite ignored="0" hostname="MAA125CD0141R61" failures="0" tests="3" name="Test" time="6.144" errors="0" timestamp="2022-02-05T13:24:53 IST">
  <testcase classname="projecttestcases.LoginTC1" name="login" time="4.385"/>
  <testcase classname="projecttestcases.LoginTC1" name="myinfo" time="1.622"/>
  <testcase classname="projecttestcases.LoginTC1" name="getpagetitle" time="0.105"/>
</testsuite> <!-- Test -->
