<?xml version="1.0" encoding="UTF-8"?>
<!-- Generated by org.testng.reporters.JUnitXMLReporter -->
<testsuite ignored="2" hostname="MAA125CD0141R61" failures="1" tests="1" name="Test(failed)" time="0.847" errors="0" timestamp="2022-02-01T19:12:59 IST">
  <testcase classname="projecttestcases.LoginTC1" name="getpagetitle" time="0.03">
    <failure type="java.lang.NullPointerException" message="Cannot invoke &amp;quot;pageobjectmodel.Loginpage.gettitle()&amp;quot; because &amp;quot;this.lp&amp;quot; is null">
      <![CDATA[java.lang.NullPointerException: Cannot invoke "pageobjectmodel.Loginpage.gettitle()" because "this.lp" is null
at projecttestcases.LoginTC1.getpagetitle(LoginTC1.java:30)
at java.base/java.util.ArrayList.forEach(ArrayList.java:1511)
... Removed 27 stack frames]]>
    </failure>
  </testcase> <!-- getpagetitle -->
  <testcase classname="projecttestcases.LoginTC1" name="login" time="0.0">
    <ignored/>
  </testcase> <!-- login -->
  <testcase classname="projecttestcases.LoginTC1" name="myinfo" time="0.0">
    <ignored/>
  </testcase> <!-- myinfo -->
</testsuite> <!-- Test(failed) -->
