<?xml version="1.0" encoding="UTF-8"?>
<testng-results ignored="0" total="3" passed="3" failed="0" skipped="0">
  <reporter-output>
  </reporter-output>
  <suite started-at="2022-02-05T13:24:47 IST" name="Suite" finished-at="2022-02-05T13:24:53 IST" duration-ms="6144">
    <groups>
    </groups>
    <test started-at="2022-02-05T13:24:47 IST" name="Test" finished-at="2022-02-05T13:24:53 IST" duration-ms="6144">
      <class name="projecttestcases.LoginTC1">
        <test-method is-config="true" signature="desiredbrowsersetup(java.lang.String)[pri:0, instance:projecttestcases.LoginTC1@c88a337]" started-at="2022-02-05T13:24:40 IST" name="desiredbrowsersetup" finished-at="2022-02-05T13:24:47 IST" duration-ms="7156" status="PASS">
          <params>
            <param index="0">
              <value>
                <![CDATA[chrome]]>
              </value>
            </param>
          </params>
          <reporter-output>
          </reporter-output>
        </test-method> <!-- desiredbrowsersetup -->
        <test-method signature="login()[pri:1, instance:projecttestcases.LoginTC1@c88a337]" started-at="2022-02-05T13:24:47 IST" name="login" finished-at="2022-02-05T13:24:51 IST" duration-ms="4385" status="PASS">
          <reporter-output>
          </reporter-output>
        </test-method> <!-- login -->
        <test-method signature="myinfo()[pri:2, instance:projecttestcases.LoginTC1@c88a337]" started-at="2022-02-05T13:24:51 IST" name="myinfo" finished-at="2022-02-05T13:24:53 IST" duration-ms="1622" status="PASS">
          <reporter-output>
          </reporter-output>
        </test-method> <!-- myinfo -->
        <test-method signature="getpagetitle()[pri:3, instance:projecttestcases.LoginTC1@c88a337]" started-at="2022-02-05T13:24:53 IST" name="getpagetitle" finished-at="2022-02-05T13:24:53 IST" duration-ms="105" status="PASS">
          <reporter-output>
          </reporter-output>
        </test-method> <!-- getpagetitle -->
        <test-method is-config="true" signature="teardown()[pri:0, instance:projecttestcases.LoginTC1@c88a337]" started-at="2022-02-05T13:24:53 IST" name="teardown" finished-at="2022-02-05T13:24:54 IST" duration-ms="616" status="PASS">
          <reporter-output>
          </reporter-output>
        </test-method> <!-- teardown -->
      </class> <!-- projecttestcases.LoginTC1 -->
    </test> <!-- Test -->
  </suite> <!-- Suite -->
</testng-results>
