<?xml version="1.0" encoding="UTF-8"?>
<testng-results ignored="0" total="3" passed="3" failed="0" skipped="0">
  <reporter-output>
  </reporter-output>
  <suite started-at="2022-07-24T11:33:40 IST" name="Suite" finished-at="2022-07-24T11:33:46 IST" duration-ms="6143">
    <groups>
    </groups>
    <test started-at="2022-07-24T11:33:40 IST" name="Test" finished-at="2022-07-24T11:33:46 IST" duration-ms="6143">
      <class name="projecttestcases.LoginTC1">
        <test-method is-config="true" signature="desiredbrowsersetup(java.lang.String)[pri:0, instance:projecttestcases.LoginTC1@485966cc]" started-at="2022-07-24T11:33:33 IST" name="desiredbrowsersetup" finished-at="2022-07-24T11:33:40 IST" duration-ms="7208" status="PASS">
          <params>
            <param index="0">
              <value>
                <![CDATA[chrome]]>
              </value>
            </param>
          </params>
          <reporter-output>
          </reporter-output>
        </test-method> <!-- desiredbrowsersetup -->
        <test-method signature="login()[pri:1, instance:projecttestcases.LoginTC1@485966cc]" started-at="2022-07-24T11:33:40 IST" name="login" finished-at="2022-07-24T11:33:45 IST" duration-ms="4361" status="PASS">
          <reporter-output>
          </reporter-output>
        </test-method> <!-- login -->
        <test-method signature="myinfo()[pri:2, instance:projecttestcases.LoginTC1@485966cc]" started-at="2022-07-24T11:33:45 IST" name="myinfo" finished-at="2022-07-24T11:33:46 IST" duration-ms="1606" status="PASS">
          <reporter-output>
          </reporter-output>
        </test-method> <!-- myinfo -->
        <test-method signature="getpagetitle()[pri:3, instance:projecttestcases.LoginTC1@485966cc]" started-at="2022-07-24T11:33:46 IST" name="getpagetitle" finished-at="2022-07-24T11:33:46 IST" duration-ms="145" status="PASS">
          <reporter-output>
          </reporter-output>
        </test-method> <!-- getpagetitle -->
        <test-method is-config="true" signature="teardown()[pri:0, instance:projecttestcases.LoginTC1@485966cc]" started-at="2022-07-24T11:33:46 IST" name="teardown" finished-at="2022-07-24T11:33:47 IST" duration-ms="646" status="PASS">
          <reporter-output>
          </reporter-output>
        </test-method> <!-- teardown -->
      </class> <!-- projecttestcases.LoginTC1 -->
    </test> <!-- Test -->
  </suite> <!-- Suite -->
</testng-results>
