<?xml version="1.0" encoding="UTF-8"?>
<testng-results ignored="0" total="3" passed="3" failed="0" skipped="0">
  <reporter-output>
  </reporter-output>
  <suite started-at="2022-07-24T11:23:56 IST" name="suite" finished-at="2022-07-24T11:24:02 IST" duration-ms="6342">
    <groups>
    </groups>
    <test started-at="2022-07-24T11:23:56 IST" name="test" finished-at="2022-07-24T11:24:02 IST" duration-ms="6342">
      <class name="projecttestcases.LoginTC1">
        <test-method is-config="true" signature="desiredbrowsersetup(java.lang.String)[pri:0, instance:projecttestcases.LoginTC1@3349e9bb]" started-at="2022-07-24T11:23:46 IST" name="desiredbrowsersetup" finished-at="2022-07-24T11:23:56 IST" duration-ms="10067" status="PASS">
          <params>
            <param index="0">
              <value>
                <![CDATA[chrome]]>
              </value>
            </param>
          </params>
          <reporter-output>
          </reporter-output>
        </test-method> <!-- desiredbrowsersetup -->
        <test-method signature="login()[pri:1, instance:projecttestcases.LoginTC1@3349e9bb]" started-at="2022-07-24T11:23:56 IST" name="login" finished-at="2022-07-24T11:24:01 IST" duration-ms="4272" status="PASS">
          <reporter-output>
          </reporter-output>
        </test-method> <!-- login -->
        <test-method signature="myinfo()[pri:2, instance:projecttestcases.LoginTC1@3349e9bb]" started-at="2022-07-24T11:24:01 IST" name="myinfo" finished-at="2022-07-24T11:24:02 IST" duration-ms="1604" status="PASS">
          <reporter-output>
          </reporter-output>
        </test-method> <!-- myinfo -->
        <test-method signature="getpagetitle()[pri:3, instance:projecttestcases.LoginTC1@3349e9bb]" started-at="2022-07-24T11:24:02 IST" name="getpagetitle" finished-at="2022-07-24T11:24:02 IST" duration-ms="139" status="PASS">
          <reporter-output>
          </reporter-output>
        </test-method> <!-- getpagetitle -->
        <test-method is-config="true" signature="teardown()[pri:0, instance:projecttestcases.LoginTC1@3349e9bb]" started-at="2022-07-24T11:24:03 IST" name="teardown" finished-at="2022-07-24T11:24:03 IST" duration-ms="271" status="PASS">
          <reporter-output>
          </reporter-output>
        </test-method> <!-- teardown -->
      </class> <!-- projecttestcases.LoginTC1 -->
    </test> <!-- test -->
  </suite> <!-- suite -->
</testng-results>
